[2025-08-14 17:23:24,117]  [1]  [INFO]  [EmailHelper initialized
][2025-08-14 17:24:36,917]  [1]  [INFO]  [EmailHelper initialized
][2025-08-14 17:44:08,968]  [1]  [INFO]  [EmailHelper initialized
][2025-08-14 18:05:47,095]  [1]  [INFO]  [EmailHelper initialized
][2025-08-14 18:25:33,363]  [1]  [INFO]  [EmailHelper initialized
][2025-08-14 18:26:44,014]  [7]  [ERROR]  [SMTP服务器连接失败，请检查服务器地址和端口
]System.Net.Mail.SmtpException: The operation has timed out.
   at System.Net.Mail.SmtpClient.Send(MailMessage message)
   at MailEnhanceService.EmailEnhanceHelper.SendMail126() in D:\APP\DGX_NET6\DGX_NET6\SourceCode\MailEnhanceService\EmailEnhanceHelper.cs:line 192
[2025-08-14 18:42:13,342]  [1]  [INFO]  [EmailHelper initialized
][2025-08-14 18:42:23,470]  [6]  [ERROR]  [SMTP服务器连接失败，请检查服务器地址和端口
]System.Net.Mail.SmtpException: The operation has timed out.
   at System.Net.Mail.SmtpClient.Send(MailMessage message)
   at MailEnhanceService.EmailEnhanceHelper.SendMail126() in D:\APP\DGX_NET6\DGX_NET6\SourceCode\MailEnhanceService\EmailEnhanceHelper.cs:line 192
[2025-08-14 18:42:23,484]  [6]  [INFO]  [[2025-08-14 18:42:23] [126 MAIL] [TO:caihaili82@gmail.com] [FAILED] [Elapsed:10045ms] [ERROR: SmtpException]
][2025-08-14 18:42:23,484]  [6]  [ERROR]  [邮件发送失败详情
]System.Net.Mail.SmtpException: The operation has timed out.
   at System.Net.Mail.SmtpClient.Send(MailMessage message)
   at MailEnhanceService.EmailEnhanceHelper.SendMail126() in D:\APP\DGX_NET6\DGX_NET6\SourceCode\MailEnhanceService\EmailEnhanceHelper.cs:line 192
[2025-08-14 18:42:33,489]  [7]  [ERROR]  [SMTP服务器连接失败，请检查服务器地址和端口
]System.Net.Mail.SmtpException: The operation has timed out.
   at System.Net.Mail.SmtpClient.Send(MailMessage message)
   at MailEnhanceService.EmailEnhanceHelper.SendMail126() in D:\APP\DGX_NET6\DGX_NET6\SourceCode\MailEnhanceService\EmailEnhanceHelper.cs:line 192
[2025-08-14 18:42:33,489]  [7]  [INFO]  [[2025-08-14 18:42:33] [126 MAIL] [TO:mcessol2000@gmail.com] [FAILED] [Elapsed:10004ms] [ERROR: SmtpException]
][2025-08-14 18:42:33,489]  [7]  [ERROR]  [邮件发送失败详情
]System.Net.Mail.SmtpException: The operation has timed out.
   at System.Net.Mail.SmtpClient.Send(MailMessage message)
   at MailEnhanceService.EmailEnhanceHelper.SendMail126() in D:\APP\DGX_NET6\DGX_NET6\SourceCode\MailEnhanceService\EmailEnhanceHelper.cs:line 192
[2025-08-14 18:46:06,067]  [1]  [INFO]  [EmailHelper initialized
][2025-08-14 18:46:16,176]  [6]  [ERROR]  [SMTP服务器连接失败，请检查服务器地址和端口
]System.Net.Mail.SmtpException: The operation has timed out.
   at System.Net.Mail.SmtpClient.Send(MailMessage message)
   at MailEnhanceService.EmailEnhanceHelper.SendMail126() in D:\APP\DGX_NET6\DGX_NET6\SourceCode\MailEnhanceService\EmailEnhanceHelper.cs:line 192
[2025-08-14 18:46:16,187]  [6]  [INFO]  [[2025-08-14 18:46:16] [126 MAIL] [TO:caihaili82@gmail.com] [FAILED] [Elapsed:10037ms] [ERROR: SmtpException]
][2025-08-14 18:46:16,187]  [6]  [ERROR]  [邮件发送失败详情
]System.Net.Mail.SmtpException: The operation has timed out.
   at System.Net.Mail.SmtpClient.Send(MailMessage message)
   at MailEnhanceService.EmailEnhanceHelper.SendMail126() in D:\APP\DGX_NET6\DGX_NET6\SourceCode\MailEnhanceService\EmailEnhanceHelper.cs:line 192
[2025-08-14 18:46:26,198]  [4]  [ERROR]  [SMTP服务器连接失败，请检查服务器地址和端口
]System.Net.Mail.SmtpException: The operation has timed out.
   at System.Net.Mail.SmtpClient.Send(MailMessage message)
   at MailEnhanceService.EmailEnhanceHelper.SendMail126() in D:\APP\DGX_NET6\DGX_NET6\SourceCode\MailEnhanceService\EmailEnhanceHelper.cs:line 192
[2025-08-14 18:46:26,199]  [4]  [INFO]  [[2025-08-14 18:46:26] [126 MAIL] [TO:mcessol2000@gmail.com] [FAILED] [Elapsed:10010ms] [ERROR: SmtpException]
][2025-08-14 18:46:26,199]  [4]  [ERROR]  [邮件发送失败详情
]System.Net.Mail.SmtpException: The operation has timed out.
   at System.Net.Mail.SmtpClient.Send(MailMessage message)
   at MailEnhanceService.EmailEnhanceHelper.SendMail126() in D:\APP\DGX_NET6\DGX_NET6\SourceCode\MailEnhanceService\EmailEnhanceHelper.cs:line 192
[2025-08-14 18:48:56,366]  [1]  [INFO]  [EmailHelper initialized
][2025-08-14 18:50:52,125]  [9]  [ERROR]  [SMTP服务器连接失败，请检查服务器地址和端口
]System.Net.Mail.SmtpException: The operation has timed out.
   at System.Net.Mail.SmtpClient.Send(MailMessage message)
   at MailEnhanceService.EmailEnhanceHelper.SendMail126() in D:\APP\DGX_NET6\DGX_NET6\SourceCode\MailEnhanceService\EmailEnhanceHelper.cs:line 192
[2025-08-14 18:51:00,973]  [9]  [INFO]  [[2025-08-14 18:50:59] [126 MAIL] [TO:caihaili82@gmail.com] [FAILED] [Elapsed:90891ms] [ERROR: SmtpException]
][2025-08-14 18:51:02,297]  [9]  [ERROR]  [邮件发送失败详情
]System.Net.Mail.SmtpException: The operation has timed out.
   at System.Net.Mail.SmtpClient.Send(MailMessage message)
   at MailEnhanceService.EmailEnhanceHelper.SendMail126() in D:\APP\DGX_NET6\DGX_NET6\SourceCode\MailEnhanceService\EmailEnhanceHelper.cs:line 192
[2025-08-14 18:53:54,344]  [1]  [INFO]  [EmailHelper initialized
][2025-08-14 18:57:10,887]  [11]  [ERROR]  [SMTP服务器连接失败，请检查服务器地址和端口
]System.Net.Mail.SmtpException: The operation has timed out.
   at System.Net.Mail.SmtpClient.Send(MailMessage message)
   at MailEnhanceService.EmailEnhanceHelper.SendMail126() in D:\APP\DGX_NET6\DGX_NET6\SourceCode\MailEnhanceService\EmailEnhanceHelper.cs:line 192
[2025-08-14 18:57:17,134]  [11]  [INFO]  [[2025-08-14 18:57:15] [126 MAIL] [TO:caihaili82@gmail.com] [FAILED] [Elapsed:171543ms] [ERROR: SmtpException]
][2025-08-14 18:59:19,858]  [11]  [ERROR]  [邮件发送失败详情
]System.Net.Mail.SmtpException: The operation has timed out.
   at System.Net.Mail.SmtpClient.Send(MailMessage message)
   at MailEnhanceService.EmailEnhanceHelper.SendMail126() in D:\APP\DGX_NET6\DGX_NET6\SourceCode\MailEnhanceService\EmailEnhanceHelper.cs:line 192
[2025-08-14 18:59:32,871]  [11]  [ERROR]  [SMTP服务器连接失败，请检查服务器地址和端口
]System.Net.Mail.SmtpException: The operation has timed out.
   at System.Net.Mail.SmtpClient.Send(MailMessage message)
   at MailEnhanceService.EmailEnhanceHelper.SendMail126() in D:\APP\DGX_NET6\DGX_NET6\SourceCode\MailEnhanceService\EmailEnhanceHelper.cs:line 192
[2025-08-14 18:59:32,872]  [11]  [INFO]  [[2025-08-14 18:59:32] [126 MAIL] [TO:mcessol2000@gmail.com] [FAILED] [Elapsed:10043ms] [ERROR: SmtpException]
][2025-08-14 18:59:32,872]  [11]  [ERROR]  [邮件发送失败详情
]System.Net.Mail.SmtpException: The operation has timed out.
   at System.Net.Mail.SmtpClient.Send(MailMessage message)
   at MailEnhanceService.EmailEnhanceHelper.SendMail126() in D:\APP\DGX_NET6\DGX_NET6\SourceCode\MailEnhanceService\EmailEnhanceHelper.cs:line 192
[2025-08-14 19:10:43,114]  [1]  [INFO]  [EmailHelper initialized
][2025-08-14 19:10:43,197]  [6]  [ERROR]  [[func::SendMail] An unexpected error occurred while sending email.
]System.FormatException: The specified string is not in the form required for an e-mail address.
   at System.Net.Mail.MailAddressParser.TryReadCfwsAndThrowIfIncomplete(String data, Int32 index, Int32& outIndex, Boolean throwExceptionIfFail)
   at System.Net.Mail.MailAddressParser.TryParseDomain(String data, Int32& index, String& domain, Boolean throwExceptionIfFail)
   at System.Net.Mail.MailAddressParser.TryParseAddress(String data, Boolean expectMultipleAddresses, Int32& index, ParseAddressInfo& parseAddressInfo, Boolean throwExceptionIfFail)
   at System.Net.Mail.MailAddressParser.TryParseAddress(String data, ParseAddressInfo& parsedAddress, Boolean throwExceptionIfFail)
   at System.Net.Mail.MailAddress.TryParse(String address, String displayName, Encoding displayNameEncoding, ValueTuple`4& parsedData, Boolean throwExceptionIfFail)
   at System.Net.Mail.MailAddress..ctor(String address)
   at MailEnhanceService.EmailEnhanceHelper.SendMail() in D:\APP\DGX_NET6\DGX_NET6\SourceCode\MailEnhanceService\EmailEnhanceHelper.cs:line 434
[2025-08-14 19:10:43,209]  [6]  [INFO]  [[2025-08-14 19:10:43] [126 MAIL] [TO:caihaili82@gmail.com] [FAILED] [Elapsed:10ms] [ERROR: FormatException]
][2025-08-14 19:10:43,209]  [6]  [ERROR]  [[func::SendMail126] Email sending failure details.
]System.FormatException: The specified string is not in the form required for an e-mail address.
   at System.Net.Mail.MailAddressParser.TryReadCfwsAndThrowIfIncomplete(String data, Int32 index, Int32& outIndex, Boolean throwExceptionIfFail)
   at System.Net.Mail.MailAddressParser.TryParseDomain(String data, Int32& index, String& domain, Boolean throwExceptionIfFail)
   at System.Net.Mail.MailAddressParser.TryParseAddress(String data, Boolean expectMultipleAddresses, Int32& index, ParseAddressInfo& parseAddressInfo, Boolean throwExceptionIfFail)
   at System.Net.Mail.MailAddressParser.TryParseAddress(String data, ParseAddressInfo& parsedAddress, Boolean throwExceptionIfFail)
   at System.Net.Mail.MailAddress.TryParse(String address, String displayName, Encoding displayNameEncoding, ValueTuple`4& parsedData, Boolean throwExceptionIfFail)
   at System.Net.Mail.MailAddress..ctor(String address)
   at MailEnhanceService.EmailEnhanceHelper.SendMail() in D:\APP\DGX_NET6\DGX_NET6\SourceCode\MailEnhanceService\EmailEnhanceHelper.cs:line 434
[2025-08-14 19:10:43,210]  [6]  [ERROR]  [[func::SendMail] An unexpected error occurred while sending email.
]System.FormatException: The specified string is not in the form required for an e-mail address.
   at System.Net.Mail.MailAddressParser.TryReadCfwsAndThrowIfIncomplete(String data, Int32 index, Int32& outIndex, Boolean throwExceptionIfFail)
   at System.Net.Mail.MailAddressParser.TryParseDomain(String data, Int32& index, String& domain, Boolean throwExceptionIfFail)
   at System.Net.Mail.MailAddressParser.TryParseAddress(String data, Boolean expectMultipleAddresses, Int32& index, ParseAddressInfo& parseAddressInfo, Boolean throwExceptionIfFail)
   at System.Net.Mail.MailAddressParser.TryParseAddress(String data, ParseAddressInfo& parsedAddress, Boolean throwExceptionIfFail)
   at System.Net.Mail.MailAddress.TryParse(String address, String displayName, Encoding displayNameEncoding, ValueTuple`4& parsedData, Boolean throwExceptionIfFail)
   at System.Net.Mail.MailAddress..ctor(String address)
   at MailEnhanceService.EmailEnhanceHelper.SendMail() in D:\APP\DGX_NET6\DGX_NET6\SourceCode\MailEnhanceService\EmailEnhanceHelper.cs:line 434
[2025-08-14 19:10:43,210]  [6]  [INFO]  [[2025-08-14 19:10:43] [126 MAIL] [TO:mcessol2000@gmail.com] [FAILED] [Elapsed:0ms] [ERROR: FormatException]
][2025-08-14 19:10:43,210]  [6]  [ERROR]  [[func::SendMail126] Email sending failure details.
]System.FormatException: The specified string is not in the form required for an e-mail address.
   at System.Net.Mail.MailAddressParser.TryReadCfwsAndThrowIfIncomplete(String data, Int32 index, Int32& outIndex, Boolean throwExceptionIfFail)
   at System.Net.Mail.MailAddressParser.TryParseDomain(String data, Int32& index, String& domain, Boolean throwExceptionIfFail)
   at System.Net.Mail.MailAddressParser.TryParseAddress(String data, Boolean expectMultipleAddresses, Int32& index, ParseAddressInfo& parseAddressInfo, Boolean throwExceptionIfFail)
   at System.Net.Mail.MailAddressParser.TryParseAddress(String data, ParseAddressInfo& parsedAddress, Boolean throwExceptionIfFail)
   at System.Net.Mail.MailAddress.TryParse(String address, String displayName, Encoding displayNameEncoding, ValueTuple`4& parsedData, Boolean throwExceptionIfFail)
   at System.Net.Mail.MailAddress..ctor(String address)
   at MailEnhanceService.EmailEnhanceHelper.SendMail() in D:\APP\DGX_NET6\DGX_NET6\SourceCode\MailEnhanceService\EmailEnhanceHelper.cs:line 434
[2025-08-14 19:11:38,501]  [1]  [INFO]  [EmailHelper initialized
][2025-08-14 19:11:40,745]  [6]  [ERROR]  [SMTP身份验证失败，请检查用户名和密码
]System.Net.Mail.SmtpException: The SMTP server requires a secure connection or the client was not authenticated. The server response was: 5.7.0 Authentication Required. For more information, go to
   at System.Net.Mail.MailCommand.CheckResponse(SmtpStatusCode statusCode, String response)
   at System.Net.Mail.MailCommand.Send(SmtpConnection conn, Byte[] command, MailAddress from, Boolean allowUnicode)
   at System.Net.Mail.SmtpTransport.SendMail(MailAddress sender, MailAddressCollection recipients, String deliveryNotify, Boolean allowUnicode, SmtpFailedRecipientException& exception)
   at System.Net.Mail.SmtpClient.Send(MailMessage message)
   at MailEnhanceService.EmailEnhanceHelper.SendMail() in D:\APP\DGX_NET6\DGX_NET6\SourceCode\MailEnhanceService\EmailEnhanceHelper.cs:line 463
[2025-08-14 19:11:40,757]  [6]  [INFO]  [[2025-08-14 19:11:40] [126 MAIL] [TO:caihaili82@gmail.com] [FAILED] [Elapsed:2173ms] [ERROR: SmtpException]
][2025-08-14 19:11:40,757]  [6]  [ERROR]  [[func::SendMail126] Email sending failure details.
]System.Net.Mail.SmtpException: The SMTP server requires a secure connection or the client was not authenticated. The server response was: 5.7.0 Authentication Required. For more information, go to
   at System.Net.Mail.MailCommand.CheckResponse(SmtpStatusCode statusCode, String response)
   at System.Net.Mail.MailCommand.Send(SmtpConnection conn, Byte[] command, MailAddress from, Boolean allowUnicode)
   at System.Net.Mail.SmtpTransport.SendMail(MailAddress sender, MailAddressCollection recipients, String deliveryNotify, Boolean allowUnicode, SmtpFailedRecipientException& exception)
   at System.Net.Mail.SmtpClient.Send(MailMessage message)
   at MailEnhanceService.EmailEnhanceHelper.SendMail() in D:\APP\DGX_NET6\DGX_NET6\SourceCode\MailEnhanceService\EmailEnhanceHelper.cs:line 463
[2025-08-14 19:11:42,411]  [4]  [ERROR]  [SMTP身份验证失败，请检查用户名和密码
]System.Net.Mail.SmtpException: The SMTP server requires a secure connection or the client was not authenticated. The server response was: 5.7.0 Authentication Required. For more information, go to
   at System.Net.Mail.MailCommand.CheckResponse(SmtpStatusCode statusCode, String response)
   at System.Net.Mail.MailCommand.Send(SmtpConnection conn, Byte[] command, MailAddress from, Boolean allowUnicode)
   at System.Net.Mail.SmtpTransport.SendMail(MailAddress sender, MailAddressCollection recipients, String deliveryNotify, Boolean allowUnicode, SmtpFailedRecipientException& exception)
   at System.Net.Mail.SmtpClient.Send(MailMessage message)
   at MailEnhanceService.EmailEnhanceHelper.SendMail() in D:\APP\DGX_NET6\DGX_NET6\SourceCode\MailEnhanceService\EmailEnhanceHelper.cs:line 463
[2025-08-14 19:11:42,412]  [4]  [INFO]  [[2025-08-14 19:11:42] [126 MAIL] [TO:mcessol2000@gmail.com] [FAILED] [Elapsed:1653ms] [ERROR: SmtpException]
][2025-08-14 19:11:42,412]  [4]  [ERROR]  [[func::SendMail126] Email sending failure details.
]System.Net.Mail.SmtpException: The SMTP server requires a secure connection or the client was not authenticated. The server response was: 5.7.0 Authentication Required. For more information, go to
   at System.Net.Mail.MailCommand.CheckResponse(SmtpStatusCode statusCode, String response)
   at System.Net.Mail.MailCommand.Send(SmtpConnection conn, Byte[] command, MailAddress from, Boolean allowUnicode)
   at System.Net.Mail.SmtpTransport.SendMail(MailAddress sender, MailAddressCollection recipients, String deliveryNotify, Boolean allowUnicode, SmtpFailedRecipientException& exception)
   at System.Net.Mail.SmtpClient.Send(MailMessage message)
   at MailEnhanceService.EmailEnhanceHelper.SendMail() in D:\APP\DGX_NET6\DGX_NET6\SourceCode\MailEnhanceService\EmailEnhanceHelper.cs:line 463
[2025-08-14 19:12:23,020]  [1]  [INFO]  [EmailHelper initialized
][2025-08-14 19:13:07,451]  [1]  [INFO]  [EmailHelper initialized
][2025-08-14 19:18:38,419]  [9]  [ERROR]  [SMTP身份验证失败，请检查用户名和密码
]System.Net.Mail.SmtpException: The SMTP server requires a secure connection or the client was not authenticated. The server response was: 5.7.0 Authentication Required. For more information, go to
   at System.Net.Mail.MailCommand.CheckResponse(SmtpStatusCode statusCode, String response)
   at System.Net.Mail.MailCommand.Send(SmtpConnection conn, Byte[] command, MailAddress from, Boolean allowUnicode)
   at System.Net.Mail.SmtpTransport.SendMail(MailAddress sender, MailAddressCollection recipients, String deliveryNotify, Boolean allowUnicode, SmtpFailedRecipientException& exception)
   at System.Net.Mail.SmtpClient.Send(MailMessage message)
   at MailEnhanceService.EmailEnhanceHelper.SendGmail() in D:\APP\DGX_NET6\DGX_NET6\SourceCode\MailEnhanceService\EmailEnhanceHelper.cs:line 382
[2025-08-14 19:18:38,495]  [9]  [INFO]  [[2025-08-14 19:18:38] [126 MAIL] [TO:caihaili82@gmail.com] [FAILED] [Elapsed:315122ms] [ERROR: SmtpException]
][2025-08-14 19:18:38,495]  [9]  [ERROR]  [邮件发送失败详情
]System.Net.Mail.SmtpException: The SMTP server requires a secure connection or the client was not authenticated. The server response was: 5.7.0 Authentication Required. For more information, go to
   at System.Net.Mail.MailCommand.CheckResponse(SmtpStatusCode statusCode, String response)
   at System.Net.Mail.MailCommand.Send(SmtpConnection conn, Byte[] command, MailAddress from, Boolean allowUnicode)
   at System.Net.Mail.SmtpTransport.SendMail(MailAddress sender, MailAddressCollection recipients, String deliveryNotify, Boolean allowUnicode, SmtpFailedRecipientException& exception)
   at System.Net.Mail.SmtpClient.Send(MailMessage message)
   at MailEnhanceService.EmailEnhanceHelper.SendGmail() in D:\APP\DGX_NET6\DGX_NET6\SourceCode\MailEnhanceService\EmailEnhanceHelper.cs:line 382
[2025-08-14 19:22:31,730]  [1]  [INFO]  [EmailHelper initialized
][2025-08-14 19:22:41,925]  [6]  [ERROR]  [SMTP服务器连接失败，请检查服务器地址和端口
]System.Net.Mail.SmtpException: Failure sending mail.
 ---> System.IO.IOException: Unable to read data from the transport connection: The connection was closed.
   at System.Net.Mail.SmtpReplyReaderFactory.ProcessRead(Byte[] buffer, Int32 offset, Int32 read, Boolean readLine)
   at System.Net.Mail.SmtpReplyReaderFactory.ReadLines(SmtpReplyReader caller, Boolean oneLine)
   at System.Net.Mail.SmtpReplyReaderFactory.ReadLine(SmtpReplyReader caller)
   at System.Net.Mail.SmtpConnection.GetConnection(String host, Int32 port)
   at System.Net.Mail.SmtpTransport.GetConnection(String host, Int32 port)
   at System.Net.Mail.SmtpClient.GetConnection()
   at System.Net.Mail.SmtpClient.Send(MailMessage message)
   --- End of inner exception stack trace ---
   at System.Net.Mail.SmtpClient.Send(MailMessage message)
   at MailEnhanceService.EmailEnhanceHelper.SendGmail() in D:\APP\DGX_NET6\DGX_NET6\SourceCode\MailEnhanceService\EmailEnhanceHelper.cs:line 391
[2025-08-14 19:22:41,937]  [6]  [INFO]  [[2025-08-14 19:22:41] [126 MAIL] [TO:caihaili82@gmail.com] [FAILED] [Elapsed:10119ms] [ERROR: SmtpException]
][2025-08-14 19:22:41,937]  [6]  [ERROR]  [邮件发送失败详情
]System.Net.Mail.SmtpException: Failure sending mail.
 ---> System.IO.IOException: Unable to read data from the transport connection: The connection was closed.
   at System.Net.Mail.SmtpReplyReaderFactory.ProcessRead(Byte[] buffer, Int32 offset, Int32 read, Boolean readLine)
   at System.Net.Mail.SmtpReplyReaderFactory.ReadLines(SmtpReplyReader caller, Boolean oneLine)
   at System.Net.Mail.SmtpReplyReaderFactory.ReadLine(SmtpReplyReader caller)
   at System.Net.Mail.SmtpConnection.GetConnection(String host, Int32 port)
   at System.Net.Mail.SmtpTransport.GetConnection(String host, Int32 port)
   at System.Net.Mail.SmtpClient.GetConnection()
   at System.Net.Mail.SmtpClient.Send(MailMessage message)
   --- End of inner exception stack trace ---
   at System.Net.Mail.SmtpClient.Send(MailMessage message)
   at MailEnhanceService.EmailEnhanceHelper.SendGmail() in D:\APP\DGX_NET6\DGX_NET6\SourceCode\MailEnhanceService\EmailEnhanceHelper.cs:line 391
[2025-08-14 19:22:52,044]  [6]  [ERROR]  [SMTP服务器连接失败，请检查服务器地址和端口
]System.Net.Mail.SmtpException: Failure sending mail.
 ---> System.IO.IOException: Unable to read data from the transport connection: The connection was closed.
   at System.Net.Mail.SmtpReplyReaderFactory.ProcessRead(Byte[] buffer, Int32 offset, Int32 read, Boolean readLine)
   at System.Net.Mail.SmtpReplyReaderFactory.ReadLines(SmtpReplyReader caller, Boolean oneLine)
   at System.Net.Mail.SmtpReplyReaderFactory.ReadLine(SmtpReplyReader caller)
   at System.Net.Mail.SmtpConnection.GetConnection(String host, Int32 port)
   at System.Net.Mail.SmtpTransport.GetConnection(String host, Int32 port)
   at System.Net.Mail.SmtpClient.GetConnection()
   at System.Net.Mail.SmtpClient.Send(MailMessage message)
   --- End of inner exception stack trace ---
   at System.Net.Mail.SmtpClient.Send(MailMessage message)
   at MailEnhanceService.EmailEnhanceHelper.SendGmail() in D:\APP\DGX_NET6\DGX_NET6\SourceCode\MailEnhanceService\EmailEnhanceHelper.cs:line 391
[2025-08-14 19:22:52,045]  [6]  [INFO]  [[2025-08-14 19:22:52] [126 MAIL] [TO:mcessol2000@gmail.com] [FAILED] [Elapsed:10107ms] [ERROR: SmtpException]
][2025-08-14 19:22:52,045]  [6]  [ERROR]  [邮件发送失败详情
]System.Net.Mail.SmtpException: Failure sending mail.
 ---> System.IO.IOException: Unable to read data from the transport connection: The connection was closed.
   at System.Net.Mail.SmtpReplyReaderFactory.ProcessRead(Byte[] buffer, Int32 offset, Int32 read, Boolean readLine)
   at System.Net.Mail.SmtpReplyReaderFactory.ReadLines(SmtpReplyReader caller, Boolean oneLine)
   at System.Net.Mail.SmtpReplyReaderFactory.ReadLine(SmtpReplyReader caller)
   at System.Net.Mail.SmtpConnection.GetConnection(String host, Int32 port)
   at System.Net.Mail.SmtpTransport.GetConnection(String host, Int32 port)
   at System.Net.Mail.SmtpClient.GetConnection()
   at System.Net.Mail.SmtpClient.Send(MailMessage message)
   --- End of inner exception stack trace ---
   at System.Net.Mail.SmtpClient.Send(MailMessage message)
   at MailEnhanceService.EmailEnhanceHelper.SendGmail() in D:\APP\DGX_NET6\DGX_NET6\SourceCode\MailEnhanceService\EmailEnhanceHelper.cs:line 391
[2025-08-14 19:22:58,782]  [1]  [INFO]  [EmailHelper initialized
][2025-08-14 19:23:08,967]  [6]  [ERROR]  [SMTP服务器连接失败，请检查服务器地址和端口
]System.Net.Mail.SmtpException: Failure sending mail.
 ---> System.IO.IOException: Unable to read data from the transport connection: The connection was closed.
   at System.Net.Mail.SmtpReplyReaderFactory.ProcessRead(Byte[] buffer, Int32 offset, Int32 read, Boolean readLine)
   at System.Net.Mail.SmtpReplyReaderFactory.ReadLines(SmtpReplyReader caller, Boolean oneLine)
   at System.Net.Mail.SmtpReplyReaderFactory.ReadLine(SmtpReplyReader caller)
   at System.Net.Mail.SmtpConnection.GetConnection(String host, Int32 port)
   at System.Net.Mail.SmtpTransport.GetConnection(String host, Int32 port)
   at System.Net.Mail.SmtpClient.GetConnection()
   at System.Net.Mail.SmtpClient.Send(MailMessage message)
   --- End of inner exception stack trace ---
   at System.Net.Mail.SmtpClient.Send(MailMessage message)
   at MailEnhanceService.EmailEnhanceHelper.SendGmail() in D:\APP\DGX_NET6\DGX_NET6\SourceCode\MailEnhanceService\EmailEnhanceHelper.cs:line 391
[2025-08-14 19:23:08,978]  [6]  [INFO]  [[2025-08-14 19:23:08] [126 MAIL] [TO:caihaili82@gmail.com] [FAILED] [Elapsed:10111ms] [ERROR: SmtpException]
][2025-08-14 19:23:08,978]  [6]  [ERROR]  [邮件发送失败详情
]System.Net.Mail.SmtpException: Failure sending mail.
 ---> System.IO.IOException: Unable to read data from the transport connection: The connection was closed.
   at System.Net.Mail.SmtpReplyReaderFactory.ProcessRead(Byte[] buffer, Int32 offset, Int32 read, Boolean readLine)
   at System.Net.Mail.SmtpReplyReaderFactory.ReadLines(SmtpReplyReader caller, Boolean oneLine)
   at System.Net.Mail.SmtpReplyReaderFactory.ReadLine(SmtpReplyReader caller)
   at System.Net.Mail.SmtpConnection.GetConnection(String host, Int32 port)
   at System.Net.Mail.SmtpTransport.GetConnection(String host, Int32 port)
   at System.Net.Mail.SmtpClient.GetConnection()
   at System.Net.Mail.SmtpClient.Send(MailMessage message)
   --- End of inner exception stack trace ---
   at System.Net.Mail.SmtpClient.Send(MailMessage message)
   at MailEnhanceService.EmailEnhanceHelper.SendGmail() in D:\APP\DGX_NET6\DGX_NET6\SourceCode\MailEnhanceService\EmailEnhanceHelper.cs:line 391
[2025-08-14 19:23:19,075]  [7]  [ERROR]  [SMTP服务器连接失败，请检查服务器地址和端口
]System.Net.Mail.SmtpException: Failure sending mail.
 ---> System.IO.IOException: Unable to read data from the transport connection: The connection was closed.
   at System.Net.Mail.SmtpReplyReaderFactory.ProcessRead(Byte[] buffer, Int32 offset, Int32 read, Boolean readLine)
   at System.Net.Mail.SmtpReplyReaderFactory.ReadLines(SmtpReplyReader caller, Boolean oneLine)
   at System.Net.Mail.SmtpReplyReaderFactory.ReadLine(SmtpReplyReader caller)
   at System.Net.Mail.SmtpConnection.GetConnection(String host, Int32 port)
   at System.Net.Mail.SmtpTransport.GetConnection(String host, Int32 port)
   at System.Net.Mail.SmtpClient.GetConnection()
   at System.Net.Mail.SmtpClient.Send(MailMessage message)
   --- End of inner exception stack trace ---
   at System.Net.Mail.SmtpClient.Send(MailMessage message)
   at MailEnhanceService.EmailEnhanceHelper.SendGmail() in D:\APP\DGX_NET6\DGX_NET6\SourceCode\MailEnhanceService\EmailEnhanceHelper.cs:line 391
[2025-08-14 19:23:19,075]  [7]  [INFO]  [[2025-08-14 19:23:19] [126 MAIL] [TO:mcessol2000@gmail.com] [FAILED] [Elapsed:10096ms] [ERROR: SmtpException]
][2025-08-14 19:23:19,075]  [7]  [ERROR]  [邮件发送失败详情
]System.Net.Mail.SmtpException: Failure sending mail.
 ---> System.IO.IOException: Unable to read data from the transport connection: The connection was closed.
   at System.Net.Mail.SmtpReplyReaderFactory.ProcessRead(Byte[] buffer, Int32 offset, Int32 read, Boolean readLine)
   at System.Net.Mail.SmtpReplyReaderFactory.ReadLines(SmtpReplyReader caller, Boolean oneLine)
   at System.Net.Mail.SmtpReplyReaderFactory.ReadLine(SmtpReplyReader caller)
   at System.Net.Mail.SmtpConnection.GetConnection(String host, Int32 port)
   at System.Net.Mail.SmtpTransport.GetConnection(String host, Int32 port)
   at System.Net.Mail.SmtpClient.GetConnection()
   at System.Net.Mail.SmtpClient.Send(MailMessage message)
   --- End of inner exception stack trace ---
   at System.Net.Mail.SmtpClient.Send(MailMessage message)
   at MailEnhanceService.EmailEnhanceHelper.SendGmail() in D:\APP\DGX_NET6\DGX_NET6\SourceCode\MailEnhanceService\EmailEnhanceHelper.cs:line 391
[2025-08-14 19:32:08,860]  [1]  [INFO]  [EmailHelper initialized
][2025-08-14 19:34:21,264]  [1]  [INFO]  [EmailHelper initialized
][2025-08-14 19:38:00,161]  [1]  [INFO]  [EmailHelper initialized
][2025-08-14 20:12:40,646]  [1]  [INFO]  [EmailHelper initialized
][2025-08-14 20:12:50,786]  [6]  [ERROR]  [SMTP服务器连接失败，请检查服务器地址和端口
]System.Net.Mail.SmtpException: The operation has timed out.
   at System.Net.Mail.SmtpClient.Send(MailMessage message)
   at MailEnhanceService.EmailEnhanceHelper.SendMail126() in D:\APP\DGX_NET6\DGX_NET6\SourceCode\MailEnhanceService\EmailEnhanceHelper.cs:line 193
[2025-08-14 20:12:50,819]  [6]  [INFO]  [[2025-08-14 20:12:50] [126 MAIL] [TO:caihaili82@gmail.com] [FAILED] [Elapsed:10067ms] [ERROR: SmtpException]
][2025-08-14 20:12:50,819]  [6]  [ERROR]  [邮件发送失败详情
]System.Net.Mail.SmtpException: The operation has timed out.
   at System.Net.Mail.SmtpClient.Send(MailMessage message)
   at MailEnhanceService.EmailEnhanceHelper.SendMail126() in D:\APP\DGX_NET6\DGX_NET6\SourceCode\MailEnhanceService\EmailEnhanceHelper.cs:line 193
[2025-08-14 20:13:00,832]  [4]  [ERROR]  [SMTP服务器连接失败，请检查服务器地址和端口
]System.Net.Mail.SmtpException: The operation has timed out.
   at System.Net.Mail.SmtpClient.Send(MailMessage message)
   at MailEnhanceService.EmailEnhanceHelper.SendMail126() in D:\APP\DGX_NET6\DGX_NET6\SourceCode\MailEnhanceService\EmailEnhanceHelper.cs:line 193
[2025-08-14 20:13:00,832]  [4]  [INFO]  [[2025-08-14 20:13:00] [126 MAIL] [TO:mcessol2000@gmail.com] [FAILED] [Elapsed:10012ms] [ERROR: SmtpException]
][2025-08-14 20:13:00,832]  [4]  [ERROR]  [邮件发送失败详情
]System.Net.Mail.SmtpException: The operation has timed out.
   at System.Net.Mail.SmtpClient.Send(MailMessage message)
   at MailEnhanceService.EmailEnhanceHelper.SendMail126() in D:\APP\DGX_NET6\DGX_NET6\SourceCode\MailEnhanceService\EmailEnhanceHelper.cs:line 193
